[DEBUG|multipart|L628] 2025-04-12T10:45:52+0300: Calling on_field_start with no data
[DEBUG|multipart|L625] 2025-04-12T10:45:52+0300: Calling on_field_name with data[0:10]
[DEBUG|multipart|L625] 2025-04-12T10:45:52+0300: Calling on_field_data with data[11:19]
[DEBUG|multipart|L628] 2025-04-12T10:45:52+0300: Calling on_field_end with no data
[DEBUG|multipart|L628] 2025-04-12T10:45:52+0300: Calling on_field_start with no data
[DEBUG|multipart|L625] 2025-04-12T10:45:52+0300: Calling on_field_name with data[20:28]
[DEBUG|multipart|L625] 2025-04-12T10:45:52+0300: Calling on_field_data with data[29:47]
[DEBUG|multipart|L628] 2025-04-12T10:45:52+0300: Calling on_field_end with no data
[DEBUG|multipart|L628] 2025-04-12T10:45:52+0300: Calling on_field_start with no data
[DEBUG|multipart|L625] 2025-04-12T10:45:52+0300: Calling on_field_name with data[48:56]
[DEBUG|multipart|L625] 2025-04-12T10:45:52+0300: Calling on_field_data with data[57:93]
[DEBUG|multipart|L628] 2025-04-12T10:45:52+0300: Calling on_field_end with no data
[DEBUG|multipart|L628] 2025-04-12T10:45:52+0300: Calling on_end with no data
[DEBUG|bcrypt|L625] 2025-04-12T10:45:52+0300: detected 'bcrypt' backend, version '4.0.1'
[DEBUG|bcrypt|L406] 2025-04-12T10:45:52+0300: 'bcrypt' backend lacks $2$ support, enabling workaround
[DEBUG|multipart|L628] 2025-04-12T10:46:05+0300: Calling on_field_start with no data
[DEBUG|multipart|L625] 2025-04-12T10:46:05+0300: Calling on_field_name with data[0:10]
[DEBUG|multipart|L625] 2025-04-12T10:46:05+0300: Calling on_field_data with data[11:19]
[DEBUG|multipart|L628] 2025-04-12T10:46:05+0300: Calling on_field_end with no data
[DEBUG|multipart|L628] 2025-04-12T10:46:05+0300: Calling on_field_start with no data
[DEBUG|multipart|L625] 2025-04-12T10:46:05+0300: Calling on_field_name with data[20:28]
[DEBUG|multipart|L625] 2025-04-12T10:46:05+0300: Calling on_field_data with data[29:47]
[DEBUG|multipart|L628] 2025-04-12T10:46:05+0300: Calling on_field_end with no data
[DEBUG|multipart|L628] 2025-04-12T10:46:05+0300: Calling on_field_start with no data
[DEBUG|multipart|L625] 2025-04-12T10:46:05+0300: Calling on_field_name with data[48:56]
[DEBUG|multipart|L625] 2025-04-12T10:46:05+0300: Calling on_field_data with data[57:63]
[DEBUG|multipart|L628] 2025-04-12T10:46:05+0300: Calling on_field_end with no data
[DEBUG|multipart|L628] 2025-04-12T10:46:05+0300: Calling on_end with no data
[ERROR|main|L87] 2025-04-12T10:46:11+0300: http://localhost:8000/snippets/ | Error in application: 'SnippetCreate' object has no attribute 'text'
[DEBUG|multipart|L628] 2025-04-12T10:46:49+0300: Calling on_field_start with no data
[DEBUG|multipart|L625] 2025-04-12T10:46:49+0300: Calling on_field_name with data[0:10]
[DEBUG|multipart|L625] 2025-04-12T10:46:49+0300: Calling on_field_data with data[11:19]
[DEBUG|multipart|L628] 2025-04-12T10:46:49+0300: Calling on_field_end with no data
[DEBUG|multipart|L628] 2025-04-12T10:46:49+0300: Calling on_field_start with no data
[DEBUG|multipart|L625] 2025-04-12T10:46:49+0300: Calling on_field_name with data[20:28]
[DEBUG|multipart|L625] 2025-04-12T10:46:49+0300: Calling on_field_data with data[29:47]
[DEBUG|multipart|L628] 2025-04-12T10:46:49+0300: Calling on_field_end with no data
[DEBUG|multipart|L628] 2025-04-12T10:46:49+0300: Calling on_field_start with no data
[DEBUG|multipart|L625] 2025-04-12T10:46:49+0300: Calling on_field_name with data[48:56]
[DEBUG|multipart|L625] 2025-04-12T10:46:49+0300: Calling on_field_data with data[57:63]
[DEBUG|multipart|L628] 2025-04-12T10:46:49+0300: Calling on_field_end with no data
[DEBUG|multipart|L628] 2025-04-12T10:46:49+0300: Calling on_end with no data
[DEBUG|bcrypt|L625] 2025-04-12T10:46:49+0300: detected 'bcrypt' backend, version '4.0.1'
[DEBUG|bcrypt|L406] 2025-04-12T10:46:49+0300: 'bcrypt' backend lacks $2$ support, enabling workaround
[DEBUG|multipart|L628] 2025-04-12T10:47:41+0300: Calling on_field_start with no data
[DEBUG|multipart|L625] 2025-04-12T10:47:41+0300: Calling on_field_name with data[0:10]
[DEBUG|multipart|L625] 2025-04-12T10:47:41+0300: Calling on_field_data with data[11:19]
[DEBUG|multipart|L628] 2025-04-12T10:47:41+0300: Calling on_field_end with no data
[DEBUG|multipart|L628] 2025-04-12T10:47:41+0300: Calling on_field_start with no data
[DEBUG|multipart|L625] 2025-04-12T10:47:41+0300: Calling on_field_name with data[20:28]
[DEBUG|multipart|L625] 2025-04-12T10:47:41+0300: Calling on_field_data with data[29:47]
[DEBUG|multipart|L628] 2025-04-12T10:47:41+0300: Calling on_field_end with no data
[DEBUG|multipart|L628] 2025-04-12T10:47:41+0300: Calling on_field_start with no data
[DEBUG|multipart|L625] 2025-04-12T10:47:41+0300: Calling on_field_name with data[48:56]
[DEBUG|multipart|L625] 2025-04-12T10:47:41+0300: Calling on_field_data with data[57:63]
[DEBUG|multipart|L628] 2025-04-12T10:47:41+0300: Calling on_field_end with no data
[DEBUG|multipart|L628] 2025-04-12T10:47:41+0300: Calling on_end with no data
[DEBUG|multipart|L628] 2025-04-12T10:48:11+0300: Calling on_field_start with no data
[DEBUG|multipart|L625] 2025-04-12T10:48:11+0300: Calling on_field_name with data[0:10]
[DEBUG|multipart|L625] 2025-04-12T10:48:11+0300: Calling on_field_data with data[11:19]
[DEBUG|multipart|L628] 2025-04-12T10:48:11+0300: Calling on_field_end with no data
[DEBUG|multipart|L628] 2025-04-12T10:48:11+0300: Calling on_field_start with no data
[DEBUG|multipart|L625] 2025-04-12T10:48:11+0300: Calling on_field_name with data[20:28]
[DEBUG|multipart|L625] 2025-04-12T10:48:11+0300: Calling on_field_data with data[29:47]
[DEBUG|multipart|L628] 2025-04-12T10:48:11+0300: Calling on_field_end with no data
[DEBUG|multipart|L628] 2025-04-12T10:48:11+0300: Calling on_field_start with no data
[DEBUG|multipart|L625] 2025-04-12T10:48:11+0300: Calling on_field_name with data[48:56]
[DEBUG|multipart|L625] 2025-04-12T10:48:11+0300: Calling on_field_data with data[57:63]
[DEBUG|multipart|L628] 2025-04-12T10:48:11+0300: Calling on_field_end with no data
[DEBUG|multipart|L628] 2025-04-12T10:48:11+0300: Calling on_end with no data
[DEBUG|multipart|L628] 2025-04-12T10:48:23+0300: Calling on_field_start with no data
[DEBUG|multipart|L625] 2025-04-12T10:48:23+0300: Calling on_field_name with data[0:10]
[DEBUG|multipart|L625] 2025-04-12T10:48:23+0300: Calling on_field_data with data[11:19]
[DEBUG|multipart|L628] 2025-04-12T10:48:23+0300: Calling on_field_end with no data
[DEBUG|multipart|L628] 2025-04-12T10:48:23+0300: Calling on_field_start with no data
[DEBUG|multipart|L625] 2025-04-12T10:48:23+0300: Calling on_field_name with data[20:28]
[DEBUG|multipart|L625] 2025-04-12T10:48:23+0300: Calling on_field_data with data[29:47]
[DEBUG|multipart|L628] 2025-04-12T10:48:23+0300: Calling on_field_end with no data
[DEBUG|multipart|L628] 2025-04-12T10:48:23+0300: Calling on_field_start with no data
[DEBUG|multipart|L625] 2025-04-12T10:48:23+0300: Calling on_field_name with data[48:56]
[DEBUG|multipart|L625] 2025-04-12T10:48:23+0300: Calling on_field_data with data[57:63]
[DEBUG|multipart|L628] 2025-04-12T10:48:23+0300: Calling on_field_end with no data
[DEBUG|multipart|L628] 2025-04-12T10:48:23+0300: Calling on_end with no data
